2018-06-27 00:52:42 Warning: Warning (512): /var/www/html/daily_doc/tmp/cache/models/ is not writable in [/var/www/html/daily_doc/vendor/cakephp/cakephp/src/Cache/Engine/FileEngine.php, line 434]
Trace:
Cake\Error\BaseErrorHandler::handleError() - CORE/src/Error/BaseErrorHandler.php, line 153
Cake\Cache\Engine\FileEngine::_active() - CORE/src/Cache/Engine/FileEngine.php, line 434
Cake\Cache\Engine\FileEngine::init() - CORE/src/Cache/Engine/FileEngine.php, line 105
Cake\Cache\CacheRegistry::_create() - CORE/src/Cache/CacheRegistry.php, line 90
Cake\Core\ObjectRegistry::load() - CORE/src/Core/ObjectRegistry.php, line 93
Cake\Cache\Cache::_buildEngine() - CORE/src/Cache/Cache.php, line 147
Cake\Cache\Cache::engine() - CORE/src/Cache/Cache.php, line 183
Cake\Cache\Cache::read() - CORE/src/Cache/Cache.php, line 311
Cake\Database\Schema\CachedCollection::describe() - CORE/src/Database/Schema/CachedCollection.php, line 57
Cake\ORM\Table::getSchema() - CORE/src/ORM/Table.php, line 532
Cake\ORM\Query::addDefaultTypes() - CORE/src/ORM/Query.php, line 210
Cake\ORM\Query::__construct() - CORE/src/ORM/Query.php, line 167
Cake\ORM\Table::query() - CORE/src/ORM/Table.php, line 1570
Cake\ORM\Table::find() - CORE/src/ORM/Table.php, line 1172
App\Model\Table\EmployeesTable::getEmployeesWhoChangePassword() - APP/Model/Table/EmployeesTable.php, line 552
App\Shell\Task\RemindChangePasswordTask::sendMessageNotification() - APP/Shell/Task/RemindChangePasswordTask.php, line 19
App\Shell\RemindChangePasswordShell::main() - APP/Shell/RemindChangePasswordShell.php, line 13
Cake\Console\Shell::runCommand() - CORE/src/Console/Shell.php, line 472
Cake\Console\ShellDispatcher::_dispatch() - CORE/src/Console/ShellDispatcher.php, line 227
Cake\Console\ShellDispatcher::dispatch() - CORE/src/Console/ShellDispatcher.php, line 182
Cake\Console\ShellDispatcher::run() - CORE/src/Console/ShellDispatcher.php, line 128
[main] - ROOT/bin/cake.php, line 34



2018-06-27 00:52:42 Error: [RuntimeException] Cache engine Cake\Cache\Engine\FileEngine is not properly configured.
Stack Trace:
#0 /var/www/html/daily_doc/vendor/cakephp/cakephp/src/Core/ObjectRegistry.php(93): Cake\Cache\CacheRegistry->_create('Cake\\Cache\\Engi...', '_cake_model_', Array)
#1 /var/www/html/daily_doc/vendor/cakephp/cakephp/src/Cache/Cache.php(147): Cake\Core\ObjectRegistry->load('_cake_model_', Array)
#2 /var/www/html/daily_doc/vendor/cakephp/cakephp/src/Cache/Cache.php(183): Cake\Cache\Cache::_buildEngine('_cake_model_')
#3 /var/www/html/daily_doc/vendor/cakephp/cakephp/src/Cache/Cache.php(311): Cake\Cache\Cache::engine('_cake_model_')
#4 /var/www/html/daily_doc/vendor/cakephp/cakephp/src/Database/Schema/CachedCollection.php(57): Cake\Cache\Cache::read('default_employe...', '_cake_model_')
#5 /var/www/html/daily_doc/vendor/cakephp/cakephp/src/ORM/Table.php(532): Cake\Database\Schema\CachedCollection->describe('employees')
#6 /var/www/html/daily_doc/vendor/cakephp/cakephp/src/ORM/Query.php(210): Cake\ORM\Table->getSchema()
#7 /var/www/html/daily_doc/vendor/cakephp/cakephp/src/ORM/Query.php(167): Cake\ORM\Query->addDefaultTypes(Object(App\Model\Table\EmployeesTable))
#8 /var/www/html/daily_doc/vendor/cakephp/cakephp/src/ORM/Table.php(1570): Cake\ORM\Query->__construct(Object(Cake\Database\Connection), Object(App\Model\Table\EmployeesTable))
#9 /var/www/html/daily_doc/vendor/cakephp/cakephp/src/ORM/Table.php(1172): Cake\ORM\Table->query()
#10 /var/www/html/daily_doc/src/Model/Table/EmployeesTable.php(552): Cake\ORM\Table->find('all')
#11 /var/www/html/daily_doc/src/Shell/Task/RemindChangePasswordTask.php(19): App\Model\Table\EmployeesTable->getEmployeesWhoChangePassword()
#12 /var/www/html/daily_doc/src/Shell/RemindChangePasswordShell.php(13): App\Shell\Task\RemindChangePasswordTask->sendMessageNotification()
#13 /var/www/html/daily_doc/vendor/cakephp/cakephp/src/Console/Shell.php(472): App\Shell\RemindChangePasswordShell->main()
#14 /var/www/html/daily_doc/vendor/cakephp/cakephp/src/Console/ShellDispatcher.php(227): Cake\Console\Shell->runCommand(Array, true, Array)
#15 /var/www/html/daily_doc/vendor/cakephp/cakephp/src/Console/ShellDispatcher.php(182): Cake\Console\ShellDispatcher->_dispatch(Array)
#16 /var/www/html/daily_doc/vendor/cakephp/cakephp/src/Console/ShellDispatcher.php(128): Cake\Console\ShellDispatcher->dispatch(Array)
#17 /var/www/html/daily_doc/bin/cake.php(34): Cake\Console\ShellDispatcher::run(Array)
#18 {main}


2018-07-04 22:51:11 Error: [Cake\Console\Exception\MissingShellException] Shell class for "Model" could not be found.
Exception Attributes: array (
  'class' => 'Model',
)
Stack Trace:
#0 /var/www/html/daily_doc/vendor/cakephp/cakephp/src/Console/ShellDispatcher.php(223): Cake\Console\ShellDispatcher->findShell('Model')
#1 /var/www/html/daily_doc/vendor/cakephp/cakephp/src/Console/ShellDispatcher.php(182): Cake\Console\ShellDispatcher->_dispatch(Array)
#2 /var/www/html/daily_doc/vendor/cakephp/cakephp/src/Console/ShellDispatcher.php(128): Cake\Console\ShellDispatcher->dispatch(Array)
#3 /var/www/html/daily_doc/bin/cake.php(34): Cake\Console\ShellDispatcher::run(Array)
#4 {main}


2018-07-04 22:51:32 Error: [Cake\Database\Exception] SQLSTATE[42S02]: Base table or view not found: 1146 Table 'daily_doc.restaurants_histories' doesn't exist
Stack Trace:
#0 /var/www/html/daily_doc/vendor/cakephp/cakephp/src/Database/Schema/Collection.php(97): Cake\Database\Schema\Collection->_reflect('Column', 'restaurants_his...', Array, Object(Cake\Database\Schema\TableSchema))
#1 /var/www/html/daily_doc/vendor/cakephp/cakephp/src/Database/Schema/CachedCollection.php(63): Cake\Database\Schema\Collection->describe('restaurants_his...', Array)
#2 /var/www/html/daily_doc/vendor/cakephp/cakephp/src/ORM/Table.php(532): Cake\Database\Schema\CachedCollection->describe('restaurants_his...')
#3 /var/www/html/daily_doc/vendor/cakephp/cakephp/src/ORM/Table.php(653): Cake\ORM\Table->getSchema()
#4 /var/www/html/daily_doc/vendor/cakephp/cakephp/src/ORM/Table.php(676): Cake\ORM\Table->getPrimaryKey()
#5 /var/www/html/daily_doc/vendor/cakephp/bake/src/Shell/Task/ModelTask.php(215): Cake\ORM\Table->primaryKey()
#6 /var/www/html/daily_doc/vendor/cakephp/bake/src/Shell/Task/ModelTask.php(127): Bake\Shell\Task\ModelTask->getAssociations(Object(Cake\ORM\Table))
#7 /var/www/html/daily_doc/vendor/cakephp/bake/src/Shell/Task/ModelTask.php(110): Bake\Shell\Task\ModelTask->getTableContext(Object(Cake\ORM\Table), 'restaurants_his...', 'RestaurantsHist...')
#8 /var/www/html/daily_doc/vendor/cakephp/bake/src/Shell/Task/ModelTask.php(97): Bake\Shell\Task\ModelTask->bake('RestaurantsHist...')
#9 /var/www/html/daily_doc/vendor/cakephp/cakephp/src/Console/Shell.php(472): Bake\Shell\Task\ModelTask->main('RestaurantsHist...')
#10 /var/www/html/daily_doc/vendor/cakephp/cakephp/src/Console/Shell.php(465): Cake\Console\Shell->runCommand(Array, false, Array)
#11 /var/www/html/daily_doc/vendor/cakephp/cakephp/src/Console/ShellDispatcher.php(227): Cake\Console\Shell->runCommand(Array, true, Array)
#12 /var/www/html/daily_doc/vendor/cakephp/cakephp/src/Console/ShellDispatcher.php(182): Cake\Console\ShellDispatcher->_dispatch(Array)
#13 /var/www/html/daily_doc/vendor/cakephp/cakephp/src/Console/ShellDispatcher.php(128): Cake\Console\ShellDispatcher->dispatch(Array)
#14 /var/www/html/daily_doc/bin/cake.php(34): Cake\Console\ShellDispatcher::run(Array)
#15 {main}


2018-07-26 01:38:54 Error: [Cake\Console\Exception\MissingShellException] Shell class for "DischargePatientShell" could not be found.
Exception Attributes: array (
  'class' => 'DischargePatientShell',
)
Stack Trace:
#0 /var/www/html/daily_doc/vendor/cakephp/cakephp/src/Console/ShellDispatcher.php(223): Cake\Console\ShellDispatcher->findShell('DischargePatien...')
#1 /var/www/html/daily_doc/vendor/cakephp/cakephp/src/Console/ShellDispatcher.php(182): Cake\Console\ShellDispatcher->_dispatch(Array)
#2 /var/www/html/daily_doc/vendor/cakephp/cakephp/src/Console/ShellDispatcher.php(128): Cake\Console\ShellDispatcher->dispatch(Array)
#3 /var/www/html/daily_doc/bin/cake.php(34): Cake\Console\ShellDispatcher::run(Array)
#4 {main}


